<?xml version="1.0" encoding="UTF-8"?>
<testng-results skipped="0" failed="0" ignored="0" total="1" passed="1">
  <reporter-output>
  </reporter-output>
  <suite name="Default suite" duration-ms="32811" started-at="2021-02-25T07:51:17 IST" finished-at="2021-02-25T07:51:50 IST">
    <groups>
    </groups>
    <test name="Default test" duration-ms="32811" started-at="2021-02-25T07:51:17 IST" finished-at="2021-02-25T07:51:50 IST">
      <class name="testcases.UploadFileUsingRobotClass">
        <test-method status="PASS" signature="UploadFileUsingRobotClassTest()[pri:0, instance:testcases.UploadFileUsingRobotClass@4e7dc304]" name="UploadFileUsingRobotClassTest" duration-ms="32759" started-at="2021-02-25T07:51:17 IST" finished-at="2021-02-25T07:51:50 IST">
          <reporter-output>
          </reporter-output>
        </test-method> <!-- UploadFileUsingRobotClassTest -->
      </class> <!-- testcases.UploadFileUsingRobotClass -->
    </test> <!-- Default test -->
  </suite> <!-- Default suite -->
</testng-results>
